<?xml version="1.0" encoding="UTF-8"?>
<!-- Generated by org.testng.reporters.JUnitReportReporter -->
<testsuite skipped="0" hostname="Nikhil3145218" name="TestNGConcepts.InvocationCount" tests="10" failures="0" timestamp="26 Jul 2021 21:58:50 GMT" time="0.030" errors="0">
  <testcase name="homePageTest" time="0.010" classname="TestNGConcepts.InvocationCount"/>
  <testcase name="homePageTest" time="0.004" classname="TestNGConcepts.InvocationCount"/>
  <testcase name="homePageTest" time="0.003" classname="TestNGConcepts.InvocationCount"/>
  <testcase name="homePageTest" time="0.002" classname="TestNGConcepts.InvocationCount"/>
  <testcase name="homePageTest" time="0.003" classname="TestNGConcepts.InvocationCount"/>
  <testcase name="homePageTest" time="0.002" classname="TestNGConcepts.InvocationCount"/>
  <testcase name="homePageTest" time="0.001" classname="TestNGConcepts.InvocationCount"/>
  <testcase name="homePageTest" time="0.001" classname="TestNGConcepts.InvocationCount"/>
  <testcase name="homePageTest" time="0.002" classname="TestNGConcepts.InvocationCount"/>
  <testcase name="homePageTest" time="0.002" classname="TestNGConcepts.InvocationCount"/>
</testsuite> <!-- TestNGConcepts.InvocationCount -->
